<?xml version="1.0" encoding="UTF-8"?>
<!-- Generated by org.testng.reporters.JUnitReportReporter -->
<testsuite hostname="LAPTOP-6PB7IL5I" failures="0" tests="1" name="rahulshettyacademy.tests.ErrorValidations" time="4.349" errors="0" timestamp="2025-05-15T13:27:01 IST" skipped="0">
  <testcase classname="rahulshettyacademy.tests.ErrorValidations" name="errorValidation" time="4.349"/>
</testsuite> <!-- rahulshettyacademy.tests.ErrorValidations -->
