<?xml version="1.0" encoding="UTF-8"?>
<!-- Generated by org.testng.reporters.JUnitReportReporter -->
<testsuite hostname="LAPTOP-6PB7IL5I" failures="0" tests="3" name="rahulshettyacademy.tests.SubmitOrderTest" time="22.311" errors="0" timestamp="2025-05-20T18:34:30 IST" skipped="0">
  <testcase classname="rahulshettyacademy.tests.SubmitOrderTest" name="submitOrder" time="8.275"/>
  <testcase classname="rahulshettyacademy.tests.SubmitOrderTest" name="OrderHistoryTest" time="6.523"/>
  <testcase classname="rahulshettyacademy.tests.SubmitOrderTest" name="submitOrder" time="7.513"/>
</testsuite> <!-- rahulshettyacademy.tests.SubmitOrderTest -->
