<?xml version="1.0" encoding="UTF-8"?>
<!-- Generated by org.testng.reporters.JUnitReportReporter -->
<testsuite hostname="LAPTOP-6PB7IL5I" failures="0" tests="1" name="cucumber.TestNGTestRunner" time="10.951" errors="0" timestamp="2025-05-24T19:39:44 IST" skipped="0">
  <testcase classname="cucumber.TestNGTestRunner" name="runScenario" time="10.951"/>
</testsuite> <!-- cucumber.TestNGTestRunner -->
