<?xml version="1.0" encoding="UTF-8"?>
<!-- Generated by org.testng.reporters.JUnitReportReporter -->
<testsuite hostname="LAPTOP-6PB7IL5I" failures="0" tests="1" name="rahulshettyacademy.tests.ErrorValidationsTest" time="5.524" errors="0" timestamp="2025-05-24T20:00:39 IST" skipped="0">
  <testcase classname="rahulshettyacademy.tests.ErrorValidationsTest" name="loginErrorValidation" time="5.524"/>
  <system-out/>
</testsuite> <!-- rahulshettyacademy.tests.ErrorValidationsTest -->
